# JRE version: OpenJDK Runtime Environment JBR-17.0.8.1+7-1059.3-nomod (17.0.8.1+7) (build 17.0.8.1+7-b1059.3)
# Java VM: OpenJDK 64-Bit Server VM JBR-17.0.8.1+7-1059.3-nomod (17.0.8.1+7-b1059.3, mixed mode, tiered, compressed oops, compressed class ptrs, g1 gc, windows-amd64)
GC Precious Log:
 CPUs: 8 total, 8 available
 Memory: 24359M
 Large Page Support: Disabled
 NUMA Support: Disabled
 Compressed Oops: Enabled (Zero based)
 Heap Region Size: 4M
 Heap Min Capacity: 8M
 Heap Initial Capacity: 384M
 Heap Max Capacity: 6092M
 Pre-touch: Disabled
 Parallel Workers: 8
 Concurrent Workers: 2
 Concurrent Refinement Workers: 8
 Periodic GC: Disabled
Heap:
 garbage-first heap   total 196608K, used 69928K [0x0000000683400000, 0x0000000800000000)
  region size 4096K, 9 young (36864K), 3 survivors (12288K)
 Metaspace       used 95699K, committed 96384K, reserved 1179648K
  class space    used 12637K, committed 12928K, reserved 1048576K
GC Heap History (20 events):
Event: 4.353 GC heap before
{Heap before GC invocations=13 (full 0):
 garbage-first heap   total 98304K, used 64864K [0x0000000683400000, 0x0000000800000000)
  region size 4096K, 11 young (45056K), 1 survivors (4096K)
 Metaspace       used 56798K, committed 57216K, reserved 1114112K
  class space    used 7232K, committed 7424K, reserved 1048576K
}
Event: 4.358 GC heap after
{Heap after GC invocations=14 (full 0):
 garbage-first heap   total 98304K, used 25800K [0x0000000683400000, 0x0000000800000000)
  region size 4096K, 1 young (4096K), 1 survivors (4096K)
 Metaspace       used 56798K, committed 57216K, reserved 1114112K
  class space    used 7232K, committed 7424K, reserved 1048576K
}
Event: 4.709 GC heap before
{Heap before GC invocations=14 (full 0):
 garbage-first heap   total 98304K, used 50376K [0x0000000683400000, 0x0000000800000000)
  region size 4096K, 8 young (32768K), 1 survivors (4096K)
 Metaspace       used 59996K, committed 60480K, reserved 1114112K
  class space    used 7607K, committed 7872K, reserved 1048576K
}
Event: 4.717 GC heap after
{Heap after GC invocations=15 (full 0):
 garbage-first heap   total 98304K, used 27953K [0x0000000683400000, 0x0000000800000000)
  region size 4096K, 2 young (8192K), 2 survivors (8192K)
 Metaspace       used 59996K, committed 60480K, reserved 1114112K
  class space    used 7607K, committed 7872K, reserved 1048576K
}
Event: 5.221 GC heap before
{Heap before GC invocations=16 (full 0):
 garbage-first heap   total 98304K, used 68913K [0x0000000683400000, 0x0000000800000000)
  region size 4096K, 12 young (49152K), 2 survivors (8192K)
 Metaspace       used 66825K, committed 67328K, reserved 1114112K
  class space    used 8765K, committed 9024K, reserved 1048576K
}
Event: 5.227 GC heap after
{Heap after GC invocations=17 (full 0):
 garbage-first heap   total 98304K, used 28978K [0x0000000683400000, 0x0000000800000000)
  region size 4096K, 1 young (4096K), 1 survivors (4096K)
 Metaspace       used 66825K, committed 67328K, reserved 1114112K
  class space    used 8765K, committed 9024K, reserved 1048576K
}
Event: 5.242 GC heap before
{Heap before GC invocations=17 (full 0):
 garbage-first heap   total 98304K, used 33074K [0x0000000683400000, 0x0000000800000000)
  region size 4096K, 2 young (8192K), 1 survivors (4096K)
 Metaspace       used 66887K, committed 67328K, reserved 1114112K
  class space    used 8767K, committed 9024K, reserved 1048576K
}
Event: 5.250 GC heap after
{Heap after GC invocations=18 (full 0):
 garbage-first heap   total 98304K, used 28783K [0x0000000683400000, 0x0000000800000000)
  region size 4096K, 1 young (4096K), 1 survivors (4096K)
 Metaspace       used 66887K, committed 67328K, reserved 1114112K
  class space    used 8767K, committed 9024K, reserved 1048576K
}
Event: 5.887 GC heap before
{Heap before GC invocations=18 (full 0):
 garbage-first heap   total 98304K, used 69743K [0x0000000683400000, 0x0000000800000000)
  region size 4096K, 11 young (45056K), 1 survivors (4096K)
 Metaspace       used 72514K, committed 72960K, reserved 1114112K
  class space    used 9503K, committed 9728K, reserved 1048576K
}
Event: 5.895 GC heap after
{Heap after GC invocations=19 (full 0):
 garbage-first heap   total 98304K, used 31168K [0x0000000683400000, 0x0000000800000000)
  region size 4096K, 1 young (4096K), 1 survivors (4096K)
 Metaspace       used 72514K, committed 72960K, reserved 1114112K
  class space    used 9503K, committed 9728K, reserved 1048576K
}
Event: 6.281 GC heap before
{Heap before GC invocations=19 (full 0):
 garbage-first heap   total 98304K, used 72128K [0x0000000683400000, 0x0000000800000000)
  region size 4096K, 11 young (45056K), 1 survivors (4096K)
 Metaspace       used 75654K, committed 76160K, reserved 1179648K
  class space    used 9973K, committed 10240K, reserved 1048576K
}
Event: 6.285 GC heap after
{Heap after GC invocations=20 (full 0):
 garbage-first heap   total 196608K, used 33782K [0x0000000683400000, 0x0000000800000000)
  region size 4096K, 2 young (8192K), 2 survivors (8192K)
 Metaspace       used 75654K, committed 76160K, reserved 1179648K
  class space    used 9973K, committed 10240K, reserved 1048576K
}
Event: 7.080 GC heap before
{Heap before GC invocations=20 (full 0):
 garbage-first heap   total 196608K, used 140278K [0x0000000683400000, 0x0000000800000000)
  region size 4096K, 28 young (114688K), 2 survivors (8192K)
 Metaspace       used 81346K, committed 81920K, reserved 1179648K
  class space    used 10938K, committed 11200K, reserved 1048576K
}
Event: 7.087 GC heap after
{Heap after GC invocations=21 (full 0):
 garbage-first heap   total 196608K, used 39156K [0x0000000683400000, 0x0000000800000000)
  region size 4096K, 3 young (12288K), 3 survivors (12288K)
 Metaspace       used 81346K, committed 81920K, reserved 1179648K
  class space    used 10938K, committed 11200K, reserved 1048576K
}
Event: 7.339 GC heap before
{Heap before GC invocations=21 (full 0):
 garbage-first heap   total 196608K, used 141556K [0x0000000683400000, 0x0000000800000000)
  region size 4096K, 28 young (114688K), 3 survivors (12288K)
 Metaspace       used 81974K, committed 82560K, reserved 1179648K
  class space    used 11001K, committed 11264K, reserved 1048576K
}
Event: 7.344 GC heap after
{Heap after GC invocations=22 (full 0):
 garbage-first heap   total 196608K, used 41320K [0x0000000683400000, 0x0000000800000000)
  region size 4096K, 3 young (12288K), 3 survivors (12288K)
 Metaspace       used 81974K, committed 82560K, reserved 1179648K
  class space    used 11001K, committed 11264K, reserved 1048576K
}
Event: 7.637 GC heap before
{Heap before GC invocations=22 (full 0):
 garbage-first heap   total 196608K, used 143720K [0x0000000683400000, 0x0000000800000000)
  region size 4096K, 28 young (114688K), 3 survivors (12288K)
 Metaspace       used 83249K, committed 83840K, reserved 1179648K
  class space    used 11083K, committed 11328K, reserved 1048576K
}
Event: 7.643 GC heap after
{Heap after GC invocations=23 (full 0):
 garbage-first heap   total 196608K, used 43583K [0x0000000683400000, 0x0000000800000000)
  region size 4096K, 3 young (12288K), 3 survivors (12288K)
 Metaspace       used 83249K, committed 83840K, reserved 1179648K
  class space    used 11083K, committed 11328K, reserved 1048576K
}
Event: 9.520 GC heap before
{Heap before GC invocations=23 (full 0):
 garbage-first heap   total 196608K, used 145983K [0x0000000683400000, 0x0000000800000000)
  region size 4096K, 28 young (114688K), 3 survivors (12288K)
 Metaspace       used 92565K, committed 93120K, reserved 1179648K
  class space    used 12347K, committed 12608K, reserved 1048576K
}
Event: 9.531 GC heap after
{Heap after GC invocations=24 (full 0):
 garbage-first heap   total 196608K, used 49448K [0x0000000683400000, 0x0000000800000000)
  region size 4096K, 3 young (12288K), 3 survivors (12288K)
 Metaspace       used 92565K, committed 93120K, reserved 1179648K
  class space    used 12347K, committed 12608K, reserved 1048576K
}

