# JRE version: OpenJDK Runtime Environment JBR-17.0.8.1+7-1059.3-nomod (17.0.8.1+7) (build 17.0.8.1+7-b1059.3)
# Java VM: OpenJDK 64-Bit Server VM JBR-17.0.8.1+7-1059.3-nomod (17.0.8.1+7-b1059.3, mixed mode, tiered, compressed oops, compressed class ptrs, g1 gc, windows-amd64)
GC Precious Log:
 CPUs: 8 total, 8 available
 Memory: 24359M
 Large Page Support: Disabled
 NUMA Support: Disabled
 Compressed Oops: Enabled (Zero based)
 Heap Region Size: 4M
 Heap Min Capacity: 8M
 Heap Initial Capacity: 384M
 Heap Max Capacity: 6092M
 Pre-touch: Disabled
 Parallel Workers: 8
 Concurrent Workers: 2
 Concurrent Refinement Workers: 8
 Periodic GC: Disabled
Heap:
 garbage-first heap   total 147456K, used 112045K [0x0000000683400000, 0x0000000800000000)
  region size 4096K, 19 young (77824K), 2 survivors (8192K)
 Metaspace       used 96794K, committed 97408K, reserved 1179648K
  class space    used 12903K, committed 13184K, reserved 1048576K
GC Heap History (20 events):
Event: 4.381 GC heap before
{Heap before GC invocations=12 (full 0):
 garbage-first heap   total 57344K, used 37709K [0x0000000683400000, 0x0000000800000000)
  region size 4096K, 5 young (20480K), 1 survivors (4096K)
 Metaspace       used 44685K, committed 45056K, reserved 1114112K
  class space    used 5497K, committed 5696K, reserved 1048576K
}
Event: 4.392 GC heap after
{Heap after GC invocations=13 (full 0):
 garbage-first heap   total 225280K, used 23023K [0x0000000683400000, 0x0000000800000000)
  region size 4096K, 1 young (4096K), 1 survivors (4096K)
 Metaspace       used 44685K, committed 45056K, reserved 1114112K
  class space    used 5497K, committed 5696K, reserved 1048576K
}
Event: 5.937 GC heap before
{Heap before GC invocations=13 (full 0):
 garbage-first heap   total 225280K, used 88559K [0x0000000683400000, 0x0000000800000000)
  region size 4096K, 18 young (73728K), 1 survivors (4096K)
 Metaspace       used 59693K, committed 60096K, reserved 1114112K
  class space    used 7578K, committed 7808K, reserved 1048576K
}
Event: 5.944 GC heap after
{Heap after GC invocations=14 (full 0):
 garbage-first heap   total 225280K, used 28008K [0x0000000683400000, 0x0000000800000000)
  region size 4096K, 3 young (12288K), 3 survivors (12288K)
 Metaspace       used 59693K, committed 60096K, reserved 1114112K
  class space    used 7578K, committed 7808K, reserved 1048576K
}
Event: 6.697 GC heap before
{Heap before GC invocations=15 (full 0):
 garbage-first heap   total 122880K, used 89448K [0x0000000683400000, 0x0000000800000000)
  region size 4096K, 18 young (73728K), 3 survivors (12288K)
 Metaspace       used 67074K, committed 67584K, reserved 1114112K
  class space    used 8784K, committed 9024K, reserved 1048576K
}
Event: 6.707 GC heap after
{Heap after GC invocations=16 (full 0):
 garbage-first heap   total 122880K, used 29777K [0x0000000683400000, 0x0000000800000000)
  region size 4096K, 2 young (8192K), 2 survivors (8192K)
 Metaspace       used 67074K, committed 67584K, reserved 1114112K
  class space    used 8784K, committed 9024K, reserved 1048576K
}
Event: 8.254 GC heap before
{Heap before GC invocations=16 (full 0):
 garbage-first heap   total 122880K, used 91217K [0x0000000683400000, 0x0000000800000000)
  region size 4096K, 17 young (69632K), 2 survivors (8192K)
 Metaspace       used 75346K, committed 75840K, reserved 1179648K
  class space    used 9935K, committed 10176K, reserved 1048576K
}
Event: 8.260 GC heap after
{Heap after GC invocations=17 (full 0):
 garbage-first heap   total 122880K, used 34396K [0x0000000683400000, 0x0000000800000000)
  region size 4096K, 2 young (8192K), 2 survivors (8192K)
 Metaspace       used 75346K, committed 75840K, reserved 1179648K
  class space    used 9935K, committed 10176K, reserved 1048576K
}
Event: 8.644 GC heap before
{Heap before GC invocations=17 (full 0):
 garbage-first heap   total 122880K, used 91740K [0x0000000683400000, 0x0000000800000000)
  region size 4096K, 16 young (65536K), 2 survivors (8192K)
 Metaspace       used 76768K, committed 77312K, reserved 1179648K
  class space    used 10107K, committed 10368K, reserved 1048576K
}
Event: 8.649 GC heap after
{Heap after GC invocations=18 (full 0):
 garbage-first heap   total 122880K, used 36642K [0x0000000683400000, 0x0000000800000000)
  region size 4096K, 1 young (4096K), 1 survivors (4096K)
 Metaspace       used 76768K, committed 77312K, reserved 1179648K
  class space    used 10107K, committed 10368K, reserved 1048576K
}
Event: 9.210 GC heap before
{Heap before GC invocations=18 (full 0):
 garbage-first heap   total 122880K, used 93986K [0x0000000683400000, 0x0000000800000000)
  region size 4096K, 15 young (61440K), 1 survivors (4096K)
 Metaspace       used 81391K, committed 81920K, reserved 1179648K
  class space    used 10941K, committed 11200K, reserved 1048576K
}
Event: 9.214 GC heap after
{Heap after GC invocations=19 (full 0):
 garbage-first heap   total 122880K, used 39384K [0x0000000683400000, 0x0000000800000000)
  region size 4096K, 2 young (8192K), 2 survivors (8192K)
 Metaspace       used 81391K, committed 81920K, reserved 1179648K
  class space    used 10941K, committed 11200K, reserved 1048576K
}
Event: 9.469 GC heap before
{Heap before GC invocations=19 (full 0):
 garbage-first heap   total 122880K, used 92632K [0x0000000683400000, 0x0000000800000000)
  region size 4096K, 15 young (61440K), 2 survivors (8192K)
 Metaspace       used 81936K, committed 82432K, reserved 1179648K
  class space    used 10996K, committed 11200K, reserved 1048576K
}
Event: 9.473 GC heap after
{Heap after GC invocations=20 (full 0):
 garbage-first heap   total 122880K, used 40819K [0x0000000683400000, 0x0000000800000000)
  region size 4096K, 2 young (8192K), 2 survivors (8192K)
 Metaspace       used 81936K, committed 82432K, reserved 1179648K
  class space    used 10996K, committed 11200K, reserved 1048576K
}
Event: 9.649 GC heap before
{Heap before GC invocations=20 (full 0):
 garbage-first heap   total 122880K, used 94067K [0x0000000683400000, 0x0000000800000000)
  region size 4096K, 15 young (61440K), 2 survivors (8192K)
 Metaspace       used 82028K, committed 82560K, reserved 1179648K
  class space    used 11004K, committed 11264K, reserved 1048576K
}
Event: 9.653 GC heap after
{Heap after GC invocations=21 (full 0):
 garbage-first heap   total 147456K, used 42305K [0x0000000683400000, 0x0000000800000000)
  region size 4096K, 1 young (4096K), 1 survivors (4096K)
 Metaspace       used 82028K, committed 82560K, reserved 1179648K
  class space    used 11004K, committed 11264K, reserved 1048576K
}
Event: 9.957 GC heap before
{Heap before GC invocations=21 (full 0):
 garbage-first heap   total 147456K, used 116033K [0x0000000683400000, 0x0000000800000000)
  region size 4096K, 19 young (77824K), 1 survivors (4096K)
 Metaspace       used 82660K, committed 83136K, reserved 1179648K
  class space    used 11045K, committed 11264K, reserved 1048576K
}
Event: 9.960 GC heap after
{Heap after GC invocations=22 (full 0):
 garbage-first heap   total 147456K, used 43082K [0x0000000683400000, 0x0000000800000000)
  region size 4096K, 1 young (4096K), 1 survivors (4096K)
 Metaspace       used 82660K, committed 83136K, reserved 1179648K
  class space    used 11045K, committed 11264K, reserved 1048576K
}
Event: 10.779 GC heap before
{Heap before GC invocations=22 (full 0):
 garbage-first heap   total 147456K, used 116810K [0x0000000683400000, 0x0000000800000000)
  region size 4096K, 19 young (77824K), 1 survivors (4096K)
 Metaspace       used 87314K, committed 87936K, reserved 1179648K
  class space    used 11605K, committed 11904K, reserved 1048576K
}
Event: 10.785 GC heap after
{Heap after GC invocations=23 (full 0):
 garbage-first heap   total 147456K, used 46509K [0x0000000683400000, 0x0000000800000000)
  region size 4096K, 2 young (8192K), 2 survivors (8192K)
 Metaspace       used 87314K, committed 87936K, reserved 1179648K
  class space    used 11605K, committed 11904K, reserved 1048576K
}

