# JRE version: OpenJDK Runtime Environment JBR-17.0.8.1+7-1059.3-nomod (17.0.8.1+7) (build 17.0.8.1+7-b1059.3)
# Java VM: OpenJDK 64-Bit Server VM JBR-17.0.8.1+7-1059.3-nomod (17.0.8.1+7-b1059.3, mixed mode, tiered, compressed oops, compressed class ptrs, g1 gc, windows-amd64)
GC Precious Log:
 CPUs: 8 total, 8 available
 Memory: 24359M
 Large Page Support: Disabled
 NUMA Support: Disabled
 Compressed Oops: Enabled (Zero based)
 Heap Region Size: 4M
 Heap Min Capacity: 8M
 Heap Initial Capacity: 384M
 Heap Max Capacity: 6092M
 Pre-touch: Disabled
 Parallel Workers: 8
 Concurrent Workers: 2
 Concurrent Refinement Workers: 8
 Periodic GC: Disabled
Heap:
 garbage-first heap   total 167936K, used 61125K [0x0000000683400000, 0x0000000800000000)
  region size 4096K, 5 young (20480K), 2 survivors (8192K)
 Metaspace       used 99823K, committed 100608K, reserved 1179648K
  class space    used 13116K, committed 13504K, reserved 1048576K
GC Heap History (20 events):
Event: 3.853 GC heap before
{Heap before GC invocations=12 (full 0):
 garbage-first heap   total 98304K, used 60261K [0x0000000683400000, 0x0000000800000000)
  region size 4096K, 10 young (40960K), 1 survivors (4096K)
 Metaspace       used 54929K, committed 55360K, reserved 1114112K
  class space    used 6983K, committed 7168K, reserved 1048576K
}
Event: 3.858 GC heap after
{Heap after GC invocations=13 (full 0):
 garbage-first heap   total 98304K, used 24589K [0x0000000683400000, 0x0000000800000000)
  region size 4096K, 1 young (4096K), 1 survivors (4096K)
 Metaspace       used 54929K, committed 55360K, reserved 1114112K
  class space    used 6983K, committed 7168K, reserved 1048576K
}
Event: 4.384 GC heap before
{Heap before GC invocations=13 (full 0):
 garbage-first heap   total 98304K, used 57357K [0x0000000683400000, 0x0000000800000000)
  region size 4096K, 10 young (40960K), 1 survivors (4096K)
 Metaspace       used 59985K, committed 60416K, reserved 1114112K
  class space    used 7606K, committed 7808K, reserved 1048576K
}
Event: 4.391 GC heap after
{Heap after GC invocations=14 (full 0):
 garbage-first heap   total 98304K, used 27210K [0x0000000683400000, 0x0000000800000000)
  region size 4096K, 2 young (8192K), 2 survivors (8192K)
 Metaspace       used 59985K, committed 60416K, reserved 1114112K
  class space    used 7606K, committed 7808K, reserved 1048576K
}
Event: 4.819 GC heap before
{Heap before GC invocations=15 (full 0):
 garbage-first heap   total 98304K, used 68170K [0x0000000683400000, 0x0000000800000000)
  region size 4096K, 12 young (49152K), 2 survivors (8192K)
 Metaspace       used 66768K, committed 67264K, reserved 1114112K
  class space    used 8758K, committed 9024K, reserved 1048576K
}
Event: 4.825 GC heap after
{Heap after GC invocations=16 (full 0):
 garbage-first heap   total 98304K, used 28414K [0x0000000683400000, 0x0000000800000000)
  region size 4096K, 1 young (4096K), 1 survivors (4096K)
 Metaspace       used 66768K, committed 67264K, reserved 1114112K
  class space    used 8758K, committed 9024K, reserved 1048576K
}
Event: 5.589 GC heap before
{Heap before GC invocations=16 (full 0):
 garbage-first heap   total 98304K, used 69374K [0x0000000683400000, 0x0000000800000000)
  region size 4096K, 11 young (45056K), 1 survivors (4096K)
 Metaspace       used 71475K, committed 72000K, reserved 1114112K
  class space    used 9400K, committed 9664K, reserved 1048576K
}
Event: 5.595 GC heap after
{Heap after GC invocations=17 (full 0):
 garbage-first heap   total 167936K, used 30735K [0x0000000683400000, 0x0000000800000000)
  region size 4096K, 2 young (8192K), 2 survivors (8192K)
 Metaspace       used 71475K, committed 72000K, reserved 1114112K
  class space    used 9400K, committed 9664K, reserved 1048576K
}
Event: 6.273 GC heap before
{Heap before GC invocations=17 (full 0):
 garbage-first heap   total 167936K, used 120847K [0x0000000683400000, 0x0000000800000000)
  region size 4096K, 24 young (98304K), 2 survivors (8192K)
 Metaspace       used 77051K, committed 77568K, reserved 1179648K
  class space    used 10144K, committed 10368K, reserved 1048576K
}
Event: 6.279 GC heap after
{Heap after GC invocations=18 (full 0):
 garbage-first heap   total 167936K, used 35190K [0x0000000683400000, 0x0000000800000000)
  region size 4096K, 3 young (12288K), 3 survivors (12288K)
 Metaspace       used 77051K, committed 77568K, reserved 1179648K
  class space    used 10144K, committed 10368K, reserved 1048576K
}
Event: 6.754 GC heap before
{Heap before GC invocations=18 (full 0):
 garbage-first heap   total 167936K, used 121206K [0x0000000683400000, 0x0000000800000000)
  region size 4096K, 24 young (98304K), 3 survivors (12288K)
 Metaspace       used 81453K, committed 81984K, reserved 1179648K
  class space    used 10947K, committed 11200K, reserved 1048576K
}
Event: 6.762 GC heap after
{Heap after GC invocations=19 (full 0):
 garbage-first heap   total 167936K, used 39339K [0x0000000683400000, 0x0000000800000000)
  region size 4096K, 3 young (12288K), 3 survivors (12288K)
 Metaspace       used 81453K, committed 81984K, reserved 1179648K
  class space    used 10947K, committed 11200K, reserved 1048576K
}
Event: 7.010 GC heap before
{Heap before GC invocations=19 (full 0):
 garbage-first heap   total 167936K, used 125355K [0x0000000683400000, 0x0000000800000000)
  region size 4096K, 24 young (98304K), 3 survivors (12288K)
 Metaspace       used 81965K, committed 82496K, reserved 1179648K
  class space    used 11000K, committed 11264K, reserved 1048576K
}
Event: 7.014 GC heap after
{Heap after GC invocations=20 (full 0):
 garbage-first heap   total 167936K, used 40955K [0x0000000683400000, 0x0000000800000000)
  region size 4096K, 2 young (8192K), 2 survivors (8192K)
 Metaspace       used 81965K, committed 82496K, reserved 1179648K
  class space    used 11000K, committed 11264K, reserved 1048576K
}
Event: 7.275 GC heap before
{Heap before GC invocations=20 (full 0):
 garbage-first heap   total 167936K, used 126971K [0x0000000683400000, 0x0000000800000000)
  region size 4096K, 23 young (94208K), 2 survivors (8192K)
 Metaspace       used 83121K, committed 83712K, reserved 1179648K
  class space    used 11078K, committed 11328K, reserved 1048576K
}
Event: 7.280 GC heap after
{Heap after GC invocations=21 (full 0):
 garbage-first heap   total 167936K, used 43100K [0x0000000683400000, 0x0000000800000000)
  region size 4096K, 2 young (8192K), 2 survivors (8192K)
 Metaspace       used 83121K, committed 83712K, reserved 1179648K
  class space    used 11078K, committed 11328K, reserved 1048576K
}
Event: 8.434 GC heap before
{Heap before GC invocations=21 (full 0):
 garbage-first heap   total 167936K, used 133212K [0x0000000683400000, 0x0000000800000000)
  region size 4096K, 24 young (98304K), 2 survivors (8192K)
 Metaspace       used 90576K, committed 91200K, reserved 1179648K
  class space    used 12084K, committed 12352K, reserved 1048576K
}
Event: 8.441 GC heap after
{Heap after GC invocations=22 (full 0):
 garbage-first heap   total 167936K, used 49528K [0x0000000683400000, 0x0000000800000000)
  region size 4096K, 3 young (12288K), 3 survivors (12288K)
 Metaspace       used 90576K, committed 91200K, reserved 1179648K
  class space    used 12084K, committed 12352K, reserved 1048576K
}
Event: 542.728 GC heap before
{Heap before GC invocations=22 (full 0):
 garbage-first heap   total 167936K, used 127352K [0x0000000683400000, 0x0000000800000000)
  region size 4096K, 22 young (90112K), 3 survivors (12288K)
 Metaspace       used 99702K, committed 100480K, reserved 1179648K
  class space    used 13116K, committed 13504K, reserved 1048576K
}
Event: 542.737 GC heap after
{Heap after GC invocations=23 (full 0):
 garbage-first heap   total 167936K, used 52933K [0x0000000683400000, 0x0000000800000000)
  region size 4096K, 2 young (8192K), 2 survivors (8192K)
 Metaspace       used 99702K, committed 100480K, reserved 1179648K
  class space    used 13116K, committed 13504K, reserved 1048576K
}

